
Showing logs for build [32mcb-kubecd-environment-pr-209-10-44nn4-1[0m stage [32mfrom-build-pack[0m and container [32mstep-credential-initializer-vhvhf[0m
{"level":"info","ts":1587755419.980365,"logger":"fallback-logger","caller":"logging/config.go:69","msg":"Fetch GitHub commit ID from kodata failed: open /var/run/ko/refs/heads/0.8.0-ns-support: no such file or directory"}
{"level":"info","ts":1587755419.9808233,"logger":"fallback-logger","caller":"creds-init/main.go:40","msg":"Credentials initialized."}

Showing logs for build [32mcb-kubecd-environment-pr-209-10-44nn4-1[0m stage [32mfrom-build-pack[0m and container [32mstep-working-dir-initializer-b9l2b[0m
{"level":"info","ts":1587755420.6625862,"logger":"fallback-logger","caller":"logging/config.go:69","msg":"Fetch GitHub commit ID from kodata failed: open /var/run/ko/HEAD: no such file or directory"}
{"level":"info","ts":1587755420.6637783,"logger":"fallback-logger","caller":"bash/main.go:64","msg":"Successfully executed command \"sh -c mkdir -p /workspace/source\"; output "}

Showing logs for build [32mcb-kubecd-environment-pr-209-10-44nn4-1[0m stage [32mfrom-build-pack[0m and container [32mstep-place-tools[0m

Showing logs for build [32mcb-kubecd-environment-pr-209-10-44nn4-1[0m stage [32mfrom-build-pack[0m and container [32mstep-git-source-cb-kubecd-environment-pr-209-10-44nn4-9lqkv[0m
{"level":"info","ts":1587755425.817371,"logger":"fallback-logger","caller":"logging/config.go:69","msg":"Fetch GitHub commit ID from kodata failed: open /var/run/ko/refs/heads/0.8.0-ns-support: no such file or directory"}
{"level":"info","ts":1587755426.9096296,"logger":"fallback-logger","caller":"git/git.go:103","msg":"Successfully cloned https://github.com/cb-kubecd/environment-pr-209-10-boot-vault-gke-staging.git @ master in path /workspace/source"}

Showing logs for build [32mcb-kubecd-environment-pr-209-10-44nn4-1[0m stage [32mfrom-build-pack[0m and container [32mstep-git-merge[0m
Using SHAs from PULL_REFS=master:6b16b5f0e1f6f4a107a44f66288cbaba310a92b2,2:af6b042c02dc8df206a7dcd367e92ee8fcd802bc
DEBUG: LC_ALL=C JX_LOG_LEVEL=error git fetch origin --unshallow af6b042c02dc8df206a7dcd367e92ee8fcd802bc: 6b16b5f0e1f6f4a107a44f66288cbaba310a92b2:
DEBUG: ran git fetch --unshallow origin af6b042c02dc8df206a7dcd367e92ee8fcd802bc: 6b16b5f0e1f6f4a107a44f66288cbaba310a92b2: in 
DEBUG: LC_ALL=C JX_LOG_LEVEL=error git branch
DEBUG: LC_ALL=C JX_LOG_LEVEL=error git checkout master
DEBUG: ran git checkout master in 
DEBUG: LC_ALL=C JX_LOG_LEVEL=error git reset --hard 6b16b5f0e1f6f4a107a44f66288cbaba310a92b2
DEBUG: ran git reset --hard 6b16b5f0e1f6f4a107a44f66288cbaba310a92b2 in 
DEBUG: LC_ALL=C JX_LOG_LEVEL=error git clean -fd .
DEBUG: ran clean --force -d . in 
DEBUG: LC_ALL=C JX_LOG_LEVEL=error git merge af6b042c02dc8df206a7dcd367e92ee8fcd802bc
DEBUG: ran git merge af6b042c02dc8df206a7dcd367e92ee8fcd802bc in 
DEBUG: LC_ALL=C JX_LOG_LEVEL=error git log --format=%H%x1f%an%x1f%ae%x1f%cn%x1f%ce%x1f%s%n%b%x1e 6b16b5f0e1f6f4a107a44f66288cbaba310a92b2..HEAD
Merged SHA af6b042c02dc8df206a7dcd367e92ee8fcd802bc with commit message 'chore: Promote bdd-nh-1587755056 to version 0.0.1' into base branch master

Showing logs for build [32mcb-kubecd-environment-pr-209-10-44nn4-1[0m stage [32mfrom-build-pack[0m and container [32mstep-build-helm-build[0m
WARNING: No $CHART_REPOSITORY defined so using the default value of: http://jenkins-x-chartmuseum:8080
Adding missing Helm repo: storage.googleapis.com https://storage.googleapis.com/chartmuseum.jenkins-x.io
WARNING: No secrets found on "helm/repos" due: reading the secret "helm/repos" from vault: no secret "helm/repos" not found in vault
Read credentials for https://storage.googleapis.com/chartmuseum.jenkins-x.io from vault helm/repos
Successfully added Helm repository storage.googleapis.com.
Adding missing Helm repo: jenkins-x-chartmuseum http://jenkins-x-chartmuseum:8080
WARNING: No secrets found on "helm/repos" due: reading the secret "helm/repos" from vault: no secret "helm/repos" not found in vault
Read credentials for http://jenkins-x-chartmuseum:8080 from vault helm/repos
Successfully added Helm repository jenkins-x-chartmuseum.
WARNING: No $CHART_REPOSITORY defined so using the default value of: http://jenkins-x-chartmuseum:8080
Adding missing Helm repo: chartmuseum.jenkins-x.io http://chartmuseum.jenkins-x.io
WARNING: No secrets found on "helm/repos" due: reading the secret "helm/repos" from vault: no secret "helm/repos" not found in vault
Read credentials for http://chartmuseum.jenkins-x.io from vault helm/repos
Successfully added Helm repository chartmuseum.jenkins-x.io.
