
Showing logs for build [32mcb-kubecd-environment-pr-209-10-kzxrd-1[0m stage [32mfrom-build-pack[0m and container [32mstep-credential-initializer-vh75k[0m
{"level":"info","ts":1587756607.48458,"logger":"fallback-logger","caller":"logging/config.go:69","msg":"Fetch GitHub commit ID from kodata failed: open /var/run/ko/refs/heads/0.8.0-ns-support: no such file or directory"}
{"level":"info","ts":1587756607.4850755,"logger":"fallback-logger","caller":"creds-init/main.go:40","msg":"Credentials initialized."}

Showing logs for build [32mcb-kubecd-environment-pr-209-10-kzxrd-1[0m stage [32mfrom-build-pack[0m and container [32mstep-working-dir-initializer-q8v56[0m
{"level":"info","ts":1587756608.5737946,"logger":"fallback-logger","caller":"logging/config.go:69","msg":"Fetch GitHub commit ID from kodata failed: open /var/run/ko/HEAD: no such file or directory"}
{"level":"info","ts":1587756608.5749977,"logger":"fallback-logger","caller":"bash/main.go:64","msg":"Successfully executed command \"sh -c mkdir -p /workspace/source\"; output "}

Showing logs for build [32mcb-kubecd-environment-pr-209-10-kzxrd-1[0m stage [32mfrom-build-pack[0m and container [32mstep-place-tools[0m

Showing logs for build [32mcb-kubecd-environment-pr-209-10-kzxrd-1[0m stage [32mfrom-build-pack[0m and container [32mstep-git-source-cb-kubecd-environment-pr-209-10-kzxrd-xbmrc[0m
{"level":"info","ts":1587756613.9122593,"logger":"fallback-logger","caller":"logging/config.go:69","msg":"Fetch GitHub commit ID from kodata failed: open /var/run/ko/refs/heads/0.8.0-ns-support: no such file or directory"}
{"level":"info","ts":1587756615.011065,"logger":"fallback-logger","caller":"git/git.go:103","msg":"Successfully cloned https://github.com/cb-kubecd/environment-pr-209-10-boot-vault-gke-staging.git @ master in path /workspace/source"}

Showing logs for build [32mcb-kubecd-environment-pr-209-10-kzxrd-1[0m stage [32mfrom-build-pack[0m and container [32mstep-git-merge[0m
Using SHAs from PULL_REFS=master:1a91a404cb071fe760bd62c7de88259b20ff61f7,3:b0dfd85c9d5389ee6aa39427675ba235d5da03a1
DEBUG: LC_ALL=C JX_LOG_LEVEL=error git fetch origin --unshallow b0dfd85c9d5389ee6aa39427675ba235d5da03a1: 1a91a404cb071fe760bd62c7de88259b20ff61f7:
DEBUG: ran git fetch --unshallow origin b0dfd85c9d5389ee6aa39427675ba235d5da03a1: 1a91a404cb071fe760bd62c7de88259b20ff61f7: in 
DEBUG: LC_ALL=C JX_LOG_LEVEL=error git branch
DEBUG: LC_ALL=C JX_LOG_LEVEL=error git checkout master
DEBUG: ran git checkout master in 
DEBUG: LC_ALL=C JX_LOG_LEVEL=error git reset --hard 1a91a404cb071fe760bd62c7de88259b20ff61f7
DEBUG: ran git reset --hard 1a91a404cb071fe760bd62c7de88259b20ff61f7 in 
DEBUG: JX_LOG_LEVEL=error LC_ALL=C git clean -fd .
DEBUG: ran clean --force -d . in 
DEBUG: LC_ALL=C JX_LOG_LEVEL=error git merge b0dfd85c9d5389ee6aa39427675ba235d5da03a1
DEBUG: ran git merge b0dfd85c9d5389ee6aa39427675ba235d5da03a1 in 
DEBUG: LC_ALL=C JX_LOG_LEVEL=error git log --format=%H%x1f%an%x1f%ae%x1f%cn%x1f%ce%x1f%s%n%b%x1e 1a91a404cb071fe760bd62c7de88259b20ff61f7..HEAD
Merged SHA b0dfd85c9d5389ee6aa39427675ba235d5da03a1 with commit message 'chore: Promote bdd-sbhg-1587755056 to version 0.0.1' into base branch master

Showing logs for build [32mcb-kubecd-environment-pr-209-10-kzxrd-1[0m stage [32mfrom-build-pack[0m and container [32mstep-build-helm-build[0m
WARNING: No $CHART_REPOSITORY defined so using the default value of: http://jenkins-x-chartmuseum:8080
Adding missing Helm repo: storage.googleapis.com https://storage.googleapis.com/chartmuseum.jenkins-x.io
WARNING: No secrets found on "helm/repos" due: reading the secret "helm/repos" from vault: no secret "helm/repos" not found in vault
Read credentials for https://storage.googleapis.com/chartmuseum.jenkins-x.io from vault helm/repos
Successfully added Helm repository storage.googleapis.com.
Adding missing Helm repo: jenkins-x-chartmuseum http://jenkins-x-chartmuseum:8080
WARNING: No secrets found on "helm/repos" due: reading the secret "helm/repos" from vault: no secret "helm/repos" not found in vault
Read credentials for http://jenkins-x-chartmuseum:8080 from vault helm/repos
Successfully added Helm repository jenkins-x-chartmuseum.
WARNING: No $CHART_REPOSITORY defined so using the default value of: http://jenkins-x-chartmuseum:8080
Adding missing Helm repo: chartmuseum.jenkins-x.io http://chartmuseum.jenkins-x.io
WARNING: No secrets found on "helm/repos" due: reading the secret "helm/repos" from vault: no secret "helm/repos" not found in vault
Read credentials for http://chartmuseum.jenkins-x.io from vault helm/repos
Successfully added Helm repository chartmuseum.jenkins-x.io.
